2026-05-18 10:11:51,415 - src.api.client - INFO - FiverrAPIClient initialized
2026-05-18 10:11:51,416 - src.engine - INFO - FiverrAutomationEngine initialized
2026-05-18 10:11:51,418 - src.engine - INFO - FiverrAutomationEngine initialized
2026-05-18 10:11:51,419 - src.api.client - INFO - FiverrAPIClient initialized
2026-05-18 10:11:51,420 - src.api.client - INFO - FiverrAPIClient initialized
2026-05-18 10:11:51,421 - src.engine - INFO - FiverrAutomationEngine initialized
2026-05-18 10:11:51,423 - src.api.client - INFO - FiverrAPIClient initialized
2026-05-18 10:11:51,423 - src.engine - INFO - FiverrAutomationEngine initialized
2026-05-18 10:11:51,424 - src.engine - INFO - Starting FiverrAutomationEngine
2026-05-18 10:11:51,427 - src.api.client - INFO - FiverrAPIClient initialized
2026-05-18 10:11:51,428 - src.engine - INFO - FiverrAutomationEngine initialized
2026-05-18 10:11:51,429 - src.engine - INFO - Starting FiverrAutomationEngine
2026-05-18 10:11:51,429 - src.engine - WARNING - Automation engine is already running
2026-05-18 10:11:51,432 - src.api.client - INFO - FiverrAPIClient initialized
2026-05-18 10:11:51,432 - src.engine - INFO - FiverrAutomationEngine initialized
2026-05-18 10:11:51,433 - src.engine - INFO - Starting FiverrAutomationEngine
2026-05-18 10:11:51,433 - src.engine - INFO - Stopping FiverrAutomationEngine
2026-05-18 10:11:51,434 - src.api.client - INFO - FiverrAPIClient initialized
2026-05-18 10:11:51,435 - src.engine - INFO - FiverrAutomationEngine initialized
2026-05-18 10:11:51,435 - src.engine - WARNING - Automation engine is not running
2026-05-18 10:11:51,437 - src.api.client - INFO - FiverrAPIClient initialized
2026-05-18 10:11:51,437 - src.engine - INFO - FiverrAutomationEngine initialized
2026-05-18 10:11:51,441 - src.api.client - INFO - FiverrAPIClient initialized
2026-05-18 10:11:51,441 - src.engine - INFO - FiverrAutomationEngine initialized
2026-05-18 10:11:51,442 - src.engine - INFO - Starting FiverrAutomationEngine
2026-05-18 10:11:51,442 - src.engine - INFO - Stopping FiverrAutomationEngine
2026-05-18 10:11:51,444 - src.api.client - INFO - FiverrAPIClient initialized
2026-05-18 10:11:51,445 - src.engine - INFO - FiverrAutomationEngine initialized
2026-05-18 10:11:51,448 - src.api.client - INFO - FiverrAPIClient initialized
2026-05-18 10:11:51,448 - src.engine - INFO - FiverrAutomationEngine initialized
2026-05-18 10:11:51,449 - src.engine - INFO - Initializing engine and API connection
2026-05-18 10:11:51,449 - src.api.client - INFO - Initializing FiverrAPIClient
2026-05-18 10:11:51,450 - src.api.client - INFO - FiverrAPIClient initialization complete
2026-05-18 10:11:51,450 - src.engine - INFO - Engine initialization complete
